HGDP01327
0 -9379.5441128901 -9549.5020200881 10000.0000000000 0.0027751843
1 -8881.9990446656 -9035.6310728152 7984.3578150249 0.0067699406
2 -8643.7288405355 -8795.8697829589 6255.2959219301 0.0072818312
3 -8450.5685155786 -8603.3909934190 4863.7437232133 0.0074233119
4 -8305.0933627133 -8459.7722337980 3789.3657991590 0.0075409429
5 -8206.5344540943 -8363.9745583207 2999.6212593374 0.0076590279
6 -8148.0101392278 -8308.4179158883 2451.0890845189 0.0077731288
7 -8117.8539019774 -8280.6967956320 2091.1085554988 0.0078748404
8 -8104.1722415885 -8268.6855783013 1865.9096037080 0.0079571067
9 -8098.5232430418 -8264.0753791847 1729.8245310431 0.0080175158
10 -8096.3152450866 -8262.4831552591 1649.4124961719 0.0080583809
HGDP01329
0 -9282.5882646855 -9069.6872491039 10000.0000000000 0.0027751843
1 -8802.1309753962 -8615.8101380179 7972.1265995374 0.0063529028
2 -8560.5338820923 -8379.3313457035 6243.7101227162 0.0068523308
3 -8366.5513462325 -8189.1286482280 4855.8480085874 0.0070000252
4 -8220.3658076994 -8047.3160308701 3784.8590494423 0.0071232497
5 -8120.7234811241 -7952.3211454445 2995.7921263610 0.0072468849
6 -8061.0019483668 -7896.8148676857 2445.6084509933 0.0073665946
7 -8029.8356456697 -7868.9048461677 2082.9347522076 0.0074736340
8 -8015.4412232867 -7856.7570213741 1854.9223424546 0.0075603141
9 -8009.3499145980 -7852.1148191750 1716.4033119852 0.0076239872
10 -8006.8887102942 -7850.5505007454 1634.1158602717 0.0076671322
HGDP01331
0 -8827.4998254903 -10120.0688793275 10000.0000000000 0.0027751843
1 -8399.3215318313 -9505.2171857988 7953.2518095785 0.0068520965
2 -8166.0003858732 -9243.6461478881 6198.5524099369 0.0073390732
3 -7971.9630814272 -9035.6285628394 4785.6791165949 0.0074684316
4 -7825.0516039668 -8880.6115365209 3697.2455516916 0.0075794519
5 -7726.0580596334 -8778.0185991985 2902.1307562949 0.0076946777
6 -7668.7522605297 -8719.7334631960 2357.3824821319 0.0078090097
7 -7640.6561190214 -8691.6150611340 2007.7564809009 0.0079123360
8 -7628.7989045108 -8679.8645590966 1795.0192078103 0.0079955847
9 -7624.3437678475 -8675.4471422717 1670.1807576520 0.0080556258
10 -7622.8026854887 -8673.8934169563 1598.5002948554 0.0080952292
HGDP01333
0 -10589.9022309245 -9231.6052103765 10000.0000000000 0.0027751843
1 -9908.7722257480 -8734.9573374835 7977.7053153161 0.0075324433
2 -9663.0494852366 -8494.7333258681 6236.8875330511 0.0080581192
3 -9465.4186763912 -8295.5453775650 4829.8521034577 0.0081875913
4 -9314.2628398584 -8145.4006965088 3738.9170929995 0.0082968860
5 -9210.6413853180 -8044.5519196492 2935.3115670044 0.0084102416
6 -9148.9191900087 -7986.2709920315 2378.7424222627 0.0085223192
7 -9117.1879796406 -7957.8940078658 2016.7932983500 0.0086236341
8 -9102.7723025838 -7946.2551423782 1793.4745427987 0.0087059439
9 -9096.7201388163 -7942.2307347396 1660.7809072641 0.0087661168
10 -9094.2477877140 -7941.1064499490 1583.8235279212 0.0088063505
HGDP01335
0 -9436.4369140530 -9732.7139447546 10000.0000000000 0.0027751843
1 -8942.1117368994 -9190.5630651631 8000.7604375446 0.0069684360
2 -8714.2861801099 -8954.7908726020 6292.4635786036 0.0074363479
3 -8531.9446632076 -8766.1268744585 4920.6446737059 0.0075647318
4 -8397.8338828246 -8625.4272812894 3864.6583049750 0.0076751308
5 -8309.3823905291 -8530.7921883835 3089.2688721857 0.0077874262
6 -8258.2979410694 -8474.5477769907 2548.8546526618 0.0078952331
7 -8232.8675474018 -8445.1938454489 2191.6287197895 0.0079896750
8 -8221.9556766337 -8431.5086246837 1966.1065003188 0.0080648559
9 -8217.8940930863 -8425.6006765655 1828.4704269932 0.0081195539
10 -8216.6020086336 -8423.1365333194 1746.3236487017 0.0081564631
