HGDP01189
0 -8714.2764410456 -9804.8117617769 10000.0000000000 0.0027751843
1 -8329.9980893783 -9273.7045917441 8035.9197403260 0.0064691147
2 -8118.3143012494 -9049.9621898705 6371.9117924358 0.0068983837
3 -7947.8443866027 -8876.2074269187 5039.4509114915 0.0070163239
4 -7821.6315321729 -8747.6991076257 4010.0851841148 0.0071179235
5 -7736.1953143968 -8660.5182314225 3244.5057360374 0.0072205908
6 -7684.3730225948 -8607.3144207601 2698.8860358835 0.0073203367
7 -7656.6624904479 -8578.4060127505 2327.4177935262 0.0074106238
8 -7643.5932227932 -8564.3173979972 2084.9362186205 0.0074857639
9 -7638.0833766886 -8558.0084953756 1931.7681511035 0.0075432375
10 -7635.9792002630 -8555.3272262488 1837.1799899369 0.0075840451
HGDP01191
0 -9275.3849534533 -9545.9528643956 10000.0000000000 0.0027751843
1 -8813.8871967001 -9040.8894685592 7989.0703861106 0.0065992888
2 -8588.6176721140 -8803.8659311840 6282.9635374799 0.0070466278
3 -8409.7871924785 -8614.3110176645 4916.5460366989 0.0071709115
4 -8279.2104640889 -8472.8686239429 3865.6328177048 0.0072787955
5 -8194.4178676690 -8377.7300654964 3095.9418913172 0.0073896016
6 -8146.5559771613 -8320.8873162066 2561.3571121255 0.0074986852
7 -8123.2858589981 -8290.6036003166 2207.6560488819 0.0075975035
8 -8113.6059991239 -8275.9285936611 1982.9199073648 0.0076786480
9 -8110.2345050848 -8269.2370954343 1844.4604972461 0.0077392647
10 -8109.3478971809 -8266.2471136186 1760.9329826006 0.0077811092
HGDP01193
0 -9394.3974679654 -9287.0900487738 10000.0000000000 0.0027751843
1 -8898.1496641737 -8805.4977815452 7996.1892545963 0.0066774374
2 -8659.6587532218 -8584.0144576586 6293.1852978402 0.0071225760
3 -8469.0518011491 -8407.7747484674 4929.1725375514 0.0072490978
4 -8325.9416815779 -8277.0058676395 3875.8119027128 0.0073588684
5 -8227.5417880576 -8189.4129002014 3095.2411548130 0.0074708273
6 -8167.1378089524 -8138.1047141954 2545.0800605519 0.0075806284
7 -8134.3722645626 -8112.4355032082 2177.5457965522 0.0076800524
8 -8118.4281489370 -8101.5925660375 1943.5858598062 0.0077615790
9 -8111.2056579821 -8097.7853246106 1799.9787467841 0.0078221920
10 -8108.0190624816 -8096.7669141125 1713.9181040862 0.0078637288
HGDP01195
0 -10833.0468166678 -9594.0719312655 10000.0000000000 0.0027751843
1 -10123.9610841132 -9066.3843190754 8065.5990361609 0.0079612085
2 -9900.4570503301 -8851.7925628883 6398.8416391997 0.0085626660
3 -9728.2446647549 -8676.2255215134 5058.3270002385 0.0087055867
4 -9601.4816483451 -8542.8770870007 4017.8611156768 0.0088214628
5 -9516.3585151519 -8449.5038392126 3239.9538801667 0.0089381879
6 -9465.5217916897 -8390.4771932491 2683.2074405212 0.0090516047
7 -9439.0413507549 -8357.1675208168 2303.1279471560 0.0091543840
8 -9427.1038866315 -8340.2055605878 2054.6006397289 0.0092401945
9 -9422.4720417052 -8332.1794309388 1897.4014701063 0.0093060759
10 -9420.9813832477 -8328.5164388107 1800.1960045763 0.0093530077
HGDP01197
0 -10102.8616049425 -10115.6655251076 10000.0000000000 0.0027751843
1 -9452.7060018907 -9475.6241684494 7928.6196665968 0.0078857358
2 -9192.0371086809 -9230.6725843557 6157.0723526340 0.0084614396
3 -8982.4270493834 -9035.4893824943 4742.3896240511 0.0086015606
4 -8826.6668228765 -8891.5498556566 3661.1211187654 0.0087193034
5 -8723.8010792000 -8797.2389479397 2877.4499953905 0.0088397447
6 -8665.0540185870 -8743.8204480225 2342.9209656772 0.0089572582
7 -8636.2037448652 -8717.8870249832 1999.0752929237 0.0090615971
8 -8623.7970406330 -8706.9698393655 1788.3237439922 0.0091443036
9 -8618.9602258501 -8702.8801294007 1663.4857938832 0.0092033343
10 -8617.1826176038 -8701.4820627572 1591.0901154627 0.0092421348
